<?xml version="1.0" encoding="UTF-8"?>
<!-- Generated by org.testng.reporters.JUnitReportReporter -->
<testsuite hostname="LAPTOP-RBK62AVK" name="com.blablacar.qa.testcases.DashboardPageTest" tests="1" failures="0" timestamp="27 May 2019 16:06:03 GMT" time="41.337" errors="0">
  <testcase name="ViewUserPublicProfileLinkClickTest" time="41.337" classname="com.blablacar.qa.testcases.DashboardPageTest"/>
</testsuite> <!-- com.blablacar.qa.testcases.DashboardPageTest -->
