<?xml version="1.0" encoding="UTF-8"?>
<!-- Generated by org.testng.reporters.JUnitReportReporter -->
<testsuite hostname="LAPTOP-RBK62AVK" name="com.blablacar.qa.testcases.ProfilePageTest" tests="1" failures="0" timestamp="9 Jun 2019 11:37:16 GMT" time="61.207" errors="0">
  <testcase name="DeleteCarFromListedCarsTest" time="61.207" classname="com.blablacar.qa.testcases.ProfilePageTest"/>
</testsuite> <!-- com.blablacar.qa.testcases.ProfilePageTest -->
