<?xml version="1.0" encoding="UTF-8"?>
<!-- Generated by org.testng.reporters.JUnitReportReporter -->
<testsuite hostname="LAPTOP-RBK62AVK" name="com.blablacar.qa.testcases.HomePageTest" tests="1" failures="0" timestamp="29 May 2019 04:52:29 GMT" time="34.507" errors="0">
  <testcase name="NavigateToProfilePageTest" time="34.507" classname="com.blablacar.qa.testcases.HomePageTest"/>
</testsuite> <!-- com.blablacar.qa.testcases.HomePageTest -->
