<?xml version="1.0" encoding="UTF-8"?>
<!-- Generated by org.testng.reporters.JUnitReportReporter -->
<testsuite hostname="LAPTOP-RBK62AVK" name="com.blablacar.qa.testcases.LoginPageTest" tests="2" failures="0" timestamp="26 May 2019 07:27:28 GMT" time="36.436" errors="0">
  <testcase name="LoginPageTitleTest" time="16.668" classname="com.blablacar.qa.testcases.LoginPageTest"/>
  <testcase name="LoginTest" time="19.768" classname="com.blablacar.qa.testcases.LoginPageTest"/>
</testsuite> <!-- com.blablacar.qa.testcases.LoginPageTest -->
